<?xml version="1.0" encoding="utf-8"?><testsuites name="pytest tests"><testsuite name="pytest" errors="0" failures="1" skipped="0" tests="7" time="5.927" timestamp="2026-04-30T09:26:27.995893+00:00" hostname="agent-env-8b570ce7-3fbb-4e55-afe2-4f94aa0d6a10"><testcase classname="backend.tests.test_ai_scan_bulk.TestAIScanReceipt" name="test_scan_requires_auth" time="0.198" /><testcase classname="backend.tests.test_ai_scan_bulk.TestAIScanReceipt" name="test_scan_empty_image_returns_400" time="1.768" /><testcase classname="backend.tests.test_ai_scan_bulk.TestAIScanReceipt" name="test_scan_real_receipt" time="0.454"><failure message="AssertionError: 502: {&quot;detail&quot;:&quot;AI scan failed: Failed to generate chat completion: litellm.BadRequestError: OpenAIException - Budget has been exceeded! Current cost: 0.00118, Max budget: 0.001&quot;}&#10;assert 502 == 200&#10; +  where 502 = &lt;Response [502]&gt;.status_code">backend/tests/test_ai_scan_bulk.py:108: in test_scan_real_receipt
    assert r.status_code == 200, f"{r.status_code}: {r.text[:500]}"
E   AssertionError: 502: {"detail":"AI scan failed: Failed to generate chat completion: litellm.BadRequestError: OpenAIException - Budget has been exceeded! Current cost: 0.00118, Max budget: 0.001"}
E   assert 502 == 200
E    +  where 502 = &lt;Response [502]&gt;.status_code</failure></testcase><testcase classname="backend.tests.test_ai_scan_bulk.TestAIScanReceipt" name="test_scan_with_raw_base64_no_datauri_prefix" time="3.054" /><testcase classname="backend.tests.test_ai_scan_bulk.TestBulkItems" name="test_bulk_invalid_default_category_returns_400" time="0.047" /><testcase classname="backend.tests.test_ai_scan_bulk.TestBulkItems" name="test_bulk_creates_items_with_override" time="0.094" /><testcase classname="backend.tests.test_ai_scan_bulk.TestBulkItems" name="test_bulk_requires_auth" time="0.147" /></testsuite></testsuites>