<?xml version="1.0" encoding="utf-8"?><testsuites name="pytest tests"><testsuite name="pytest" errors="0" failures="0" skipped="0" tests="17" time="3.684" timestamp="2026-04-30T08:49:30.768186+00:00" hostname="agent-env-8b570ce7-3fbb-4e55-afe2-4f94aa0d6a10"><testcase classname="backend.tests.test_cozii_api" name="test_health" time="0.237" /><testcase classname="backend.tests.test_cozii_api.TestAuth" name="test_register_dup_returns_409" time="0.375" /><testcase classname="backend.tests.test_cozii_api.TestAuth" name="test_login_success" time="0.324" /><testcase classname="backend.tests.test_cozii_api.TestAuth" name="test_login_wrong_password" time="0.330" /><testcase classname="backend.tests.test_cozii_api.TestAuth" name="test_me_with_token" time="0.044" /><testcase classname="backend.tests.test_cozii_api.TestAuth" name="test_me_without_token_401" time="0.112" /><testcase classname="backend.tests.test_cozii_api.TestAuth" name="test_google_session_invalid" time="0.238" /><testcase classname="backend.tests.test_cozii_api.TestSpaceFlow" name="test_create_space_seeds_categories" time="0.120" /><testcase classname="backend.tests.test_cozii_api.TestSpaceFlow" name="test_list_spaces" time="0.043" /><testcase classname="backend.tests.test_cozii_api.TestSpaceFlow" name="test_join_space" time="0.387" /><testcase classname="backend.tests.test_cozii_api.TestSpaceFlow" name="test_join_space_invalid_code" time="0.047" /><testcase classname="backend.tests.test_cozii_api.TestSpaceFlow" name="test_space_members" time="0.046" /><testcase classname="backend.tests.test_cozii_api.TestSpaceFlow" name="test_custom_category_create_and_update_and_delete" time="0.302" /><testcase classname="backend.tests.test_cozii_api.TestSpaceFlow" name="test_item_crud_and_status_roundtrip" time="0.420" /><testcase classname="backend.tests.test_cozii_api.TestSpaceFlow" name="test_activity_feed" time="0.045" /><testcase classname="backend.tests.test_cozii_api.TestSpaceFlow" name="test_stats" time="0.139" /><testcase classname="backend.tests.test_cozii_api.TestSpaceFlow" name="test_non_member_forbidden" time="0.380" /></testsuite></testsuites>